
Administrator: aDejan

Vreme prijavljivanja: 2017/06/27 23:14:47

Ubacivanje pesme u bazu:
Pobednik
1

00:03:01

Vreme odjavljivanja: 2017/06/27 23:15:46



Administrator: aDejan

Vreme prijavljivanja: 2017/06/27 23:18:33

Vreme odjavljivanja: 2017/06/27 23:18:52



Administrator: aDejan

Vreme prijavljivanja: 2017/06/27 23:41:48

Ubacivanje albuma u bazu: 
Neki album
2002
4
Punk

Unos pesama upravo unetog albuma: 
neka pesma 1
00:02:33
Neka pesma 2
00:03:01

Vreme odjavljivanja: 2017/06/27 23:42:49



Administrator: aNevena

Vreme prijavljivanja: 2017/06/27 23:44:35

Brisanje albuma: 
12

Vreme odjavljivanja: 2017/06/27 23:44:51



Administrator: aDejan

Vreme prijavljivanja: 2018/05/09 09:25:24

Ubacivanje pesme u bazu:
nesto
2

00:03:11

Vreme odjavljivanja: 2018/05/09 09:26:10


